------------------------------------------------------------
Creo Simulate Structure Version P-80-44:spg
Summary for Design Study "troisiemedesign"
Thu Oct 20, 2022   17:42:47
------------------------------------------------------------

Run Settings
   Memory allocation for block solver: 512.0     

Parallel Processing Status
   Parallel task limit for current run:           12
   Parallel task limit for current platform:      64
   Number of processors detected automatically:   12

Checking the model before creating elements...
These checks take into account the fact that AutoGEM will
automatically create elements in volumes with material
properties, on surfaces with shell properties, and on curves
with beam section properties.
   Generate elements automatically.
Checking the model after creating elements...
No errors were found in the model.
Creo Simulate Structure Model Summary

   Principal System of Units: millimeter Newton Second (mmNs)

   Length:          mm
   Force:           N
   Time:            sec
   Temperature:     C

   Model Type: Three Dimensional

   Points:                269
   Edges:                1090
   Faces:                1380

   Springs:                 0
   Masses:                  0
   Beams:                   0
   Shells:                  0
   Solids:                561

   Elements:              561

------------------------------------------------------------

Standard Design Study

Static Analysis "troisiemedesign":

   Convergence Method: Single-Pass Adaptive
   Plotting Grid:      4

   Convergence Loop Log:                         (17:42:47)

   >> Pass  1 <<
         Calculating Element Equations           (17:42:47)
            Total Number of Equations:   10536
            Maximum Edge Order:              3
         Solving Equations                       (17:42:47)
         Post-Processing Solution                (17:42:47)
         Checking Convergence                    (17:42:47)
         Resource Check                          (17:42:47)
            Elapsed Time     (sec):       0.48
            CPU Time         (sec):       0.44
            Memory Usage      (kb):    1889239
            Wrk Dir Dsk Usage (kb):      10240

   >> Pass  2 <<
         Calculating Element Equations           (17:42:47)
            Total Number of Equations:   21537
            Maximum Edge Order:              6
         Solving Equations                       (17:42:48)
         Post-Processing Solution                (17:42:48)
         Checking Convergence                    (17:42:48)
         Calculating Disp and Stress Results     (17:42:48)

         RMS Stress Error Estimates:

         Load Set          Stress Error  % of Max Prin Str
         ----------------  ------------  -----------------
         LoadSet1           2.53e+00       6.1% of  4.12e+01

         Resource Check                          (17:42:49)
            Elapsed Time     (sec):       1.62
            CPU Time         (sec):       1.19
            Memory Usage      (kb):    1923668
            Wrk Dir Dsk Usage (kb):      27648

   Total Mass of Model:  3.379761e-06

   Total Cost of Model:  0.000000e+00

   Mass Moments of Inertia about WCS Origin:

     Ixx:   1.23287e-03
     Ixy:   2.58965e-11  Iyy:   4.56017e-04
     Ixz:   1.26714e-10  Iyz:   4.03074e-06  Izz:   1.54262e-03

   Principal MMOI and Principal Axes Relative to WCS Origin:

            Max Prin           Mid Prin           Min Prin
            1.54264e-03         1.23287e-03         4.56002e-04

   WCS X:   4.09371e-07         1.00000e+00       -3.27292e-08
   WCS Y:   3.70940e-03         3.12104e-08         9.99993e-01
   WCS Z:   9.99993e-01       -4.09490e-07       -3.70940e-03

   Center of Mass Location Relative to WCS Origin:
                  (  1.03088e-07, -3.55721e+00, -7.95074e-01)

   Mass Moments of Inertia about the Center of Mass:

     Ixx:   1.18797e-03
     Ixy:   2.46571e-11  Iyy:   4.53880e-04
     Ixz:   1.26437e-10  Iyz:   1.35895e-05  Izz:   1.49985e-03

   Principal MMOI and Principal Axes Relative to COM:

            Max Prin           Mid Prin           Min Prin
            1.50003e-03         1.18797e-03         4.53704e-04

   WCS X:   4.06156e-07         1.00000e+00       -3.13413e-08
   WCS Y:   1.29889e-02         2.60631e-08         9.99916e-01
   WCS Z:   9.99916e-01       -4.06529e-07       -1.29889e-02

   Constraint Set: ConstraintSet1: VERSION2

   Load Set: LoadSet1: VERSION2

      Resultant Load on Model:
         in global X direction:  1.911102e-10
         in global Y direction: -3.000000e+01
         in global Z direction: -2.103562e-11

      Measures:

      max_beam_bending:    0.000000e+00
      max_beam_tensile:    0.000000e+00
      max_beam_torsion:    0.000000e+00
      max_beam_total:      0.000000e+00
      max_disp_mag:        5.334268e+00
      max_disp_x:        -4.879920e+00
      max_disp_y:        -2.154246e+00
      max_disp_z:          1.027337e-02
      max_prin_mag:        4.117809e+01
      max_rot_mag:         0.000000e+00
      max_rot_x:           0.000000e+00
      max_rot_y:           0.000000e+00
      max_rot_z:           0.000000e+00
      max_stress_prin:     4.117809e+01
      max_stress_vm:       4.025809e+01
      max_stress_xx*:    -3.942156e+01
      max_stress_xy*:      1.873297e+01
      max_stress_xz*:    -7.405451e+00
      max_stress_yy:       3.727624e+01
      max_stress_yz*:    -1.057692e+01
      max_stress_zz:       1.038628e+01
      min_stress_prin:   -4.026534e+01
      strain_energy:       2.084110e+01
      deplacement_basse:   5.711770e-02

   ** Warning: The measures marked by an asterisk (*) were evaluated 
   at (or close to) results singularities. The values of these  
   measures may be inaccurate, and you must use engineering judgment 
   when interpreting them.

Analysis "troisiemedesign" Completed  (17:42:49)

------------------------------------------------------------

Memory and Disk Usage:

   Machine Type: Windows 64 
   RAM Allocation for Solver (megabytes): 512.0

   Total Elapsed Time (seconds): 1.64      
   Total CPU Time     (seconds): 1.20      
   Maximum Memory Usage (kilobytes): 1923668   
   Working Directory Disk Usage (kilobytes): 27648     

   Results Directory Size (kilobytes):
   7140 .\troisiemedesign

------------------------------------------------------------
Run Completed
Thu Oct 20, 2022   17:42:49
------------------------------------------------------------
